<?xml version="1.0" encoding="UTF-8"?>
<testsuite xmlns:xsi="http://www.w3.org/2001/XMLSchema-instance" xsi:noNamespaceSchemaLocation="https://maven.apache.org/surefire/maven-surefire-plugin/xsd/surefire-test-report-3.0.xsd" version="3.0" name="fxui.models.NewUserModelTest" time="0.049" tests="8" errors="0" skipped="0" failures="0">
  <properties>
[...]
</properties>
  <testcase name="testCreateUser_FailedCreationDueToAccessException" classname="fxui.models.NewUserModelTest" time="0.034"/>
  <testcase name="testCreateUser_InvalidId" classname="fxui.models.NewUserModelTest" time="0.002"/>
  <testcase name="testCreateUser_SuccessfulCreation" classname="fxui.models.NewUserModelTest" time="0.001"/>
  <testcase name="testCreateUser_ShortPassword" classname="fxui.models.NewUserModelTest" time="0.001"/>
  <testcase name="testCheckParams_ShortFirstName" classname="fxui.models.NewUserModelTest" time="0.002"/>
  <testcase name="testCreateUser_PasswordMismatch" classname="fxui.models.NewUserModelTest" time="0.001"/>
  <testcase name="testCheckParams_ShortLastName" classname="fxui.models.NewUserModelTest" time="0.002"/>
  <testcase name="testCheckParams_EmptyFirstName" classname="fxui.models.NewUserModelTest" time="0.001"/>
</testsuite>