<?xml version="1.0" encoding="UTF-8"?>
<testsuite xmlns:xsi="http://www.w3.org/2001/XMLSchema-instance" xsi:noNamespaceSchemaLocation="https://maven.apache.org/surefire/maven-surefire-plugin/xsd/surefire-test-report.xsd" version="3.0.2" name="restserver.CookingBookControllerTest" time="1.412" tests="6" errors="0" skipped="0" failures="0">
  <properties>
[...]
</properties>
  <testcase name="testGetUserById_NotFound" classname="restserver.CookingBookControllerTest" time="0.079">
    <system-out><![CDATA[12:16:27.342 [main] INFO org.springframework.test.context.support.AnnotationConfigContextLoaderUtils -- Could not detect default configuration classes for test class [restserver.CookingBookControllerTest]: CookingBookControllerTest does not declare any static, non-private, non-final, nested classes annotated with @Configuration.
12:16:27.474 [main] INFO org.springframework.boot.test.context.SpringBootTestContextBootstrapper -- Found @SpringBootConfiguration restserver.RestServerApplication for test class restserver.CookingBookControllerTest

  .   ____          _            __ _ _
 /\\ / ___'_ __ _ _(_)_ __  __ _ \ \ \ \
( ( )\___ | '_ | '_| | '_ \/ _` | \ \ \ \
 \\/  ___)| |_)| | | | | || (_| |  ) ) ) )
  '  |____| .__|_| |_|_| |_\__, | / / / /
 =========|_|==============|___/=/_/_/_/
&amp#27;[32m :: Spring Boot :: &amp#27;[39m              &amp#27;[2m (v3.1.4)&amp#27;[0;39m

&amp#27;[2m2024-11-17T12:16:27.788+01:00&amp#27;[0;39m &amp#27;[32m INFO&amp#27;[0;39m &amp#27;[35m78387&amp#27;[0;39m &amp#27;[2m---&amp#27;[0;39m &amp#27;[2m[           main]&amp#27;[0;39m &amp#27;[36mrestserver.CookingBookControllerTest    &amp#27;[0;39m &amp#27;[2m:&amp#27;[0;39m Starting CookingBookControllerTest using Java 23.0.1 with PID 78387 (started by haakonringen in /Users/haakonringen/Documents/Dokumenter – Håkons MacBook Pro/Datatek/2. klasse/ITP/Gruppeprosjekt/gr2401/cookbook/restserver)
&amp#27;[2m2024-11-17T12:16:27.789+01:00&amp#27;[0;39m &amp#27;[32m INFO&amp#27;[0;39m &amp#27;[35m78387&amp#27;[0;39m &amp#27;[2m---&amp#27;[0;39m &amp#27;[2m[           main]&amp#27;[0;39m &amp#27;[36mrestserver.CookingBookControllerTest    &amp#27;[0;39m &amp#27;[2m:&amp#27;[0;39m No active profile set, falling back to 1 default profile: "default"
&amp#27;[2m2024-11-17T12:16:28.384+01:00&amp#27;[0;39m &amp#27;[32m INFO&amp#27;[0;39m &amp#27;[35m78387&amp#27;[0;39m &amp#27;[2m---&amp#27;[0;39m &amp#27;[2m[           main]&amp#27;[0;39m &amp#27;[36mo.s.b.t.m.w.SpringBootMockServletContext&amp#27;[0;39m &amp#27;[2m:&amp#27;[0;39m Initializing Spring TestDispatcherServlet ''
&amp#27;[2m2024-11-17T12:16:28.384+01:00&amp#27;[0;39m &amp#27;[32m INFO&amp#27;[0;39m &amp#27;[35m78387&amp#27;[0;39m &amp#27;[2m---&amp#27;[0;39m &amp#27;[2m[           main]&amp#27;[0;39m &amp#27;[36mo.s.t.web.servlet.TestDispatcherServlet &amp#27;[0;39m &amp#27;[2m:&amp#27;[0;39m Initializing Servlet ''
&amp#27;[2m2024-11-17T12:16:28.385+01:00&amp#27;[0;39m &amp#27;[32m INFO&amp#27;[0;39m &amp#27;[35m78387&amp#27;[0;39m &amp#27;[2m---&amp#27;[0;39m &amp#27;[2m[           main]&amp#27;[0;39m &amp#27;[36mo.s.t.web.servlet.TestDispatcherServlet &amp#27;[0;39m &amp#27;[2m:&amp#27;[0;39m Completed initialization in 1 ms
&amp#27;[2m2024-11-17T12:16:28.398+01:00&amp#27;[0;39m &amp#27;[32m INFO&amp#27;[0;39m &amp#27;[35m78387&amp#27;[0;39m &amp#27;[2m---&amp#27;[0;39m &amp#27;[2m[           main]&amp#27;[0;39m &amp#27;[36mrestserver.CookingBookControllerTest    &amp#27;[0;39m &amp#27;[2m:&amp#27;[0;39m Started CookingBookControllerTest in 0.876 seconds (process running for 2.754)
&amp#27;[2m2024-11-17T12:16:28.438+01:00&amp#27;[0;39m &amp#27;[33m WARN&amp#27;[0;39m &amp#27;[35m78387&amp#27;[0;39m &amp#27;[2m---&amp#27;[0;39m &amp#27;[2m[           main]&amp#27;[0;39m &amp#27;[36mocalVariableTableParameterNameDiscoverer&amp#27;[0;39m &amp#27;[2m:&amp#27;[0;39m Using deprecated '-debug' fallback for parameter name resolution. Compile the affected code with '-parameters' instead or avoid its introspection: restserver.CookingBookController

MockHttpServletRequest:
      HTTP Method = GET
      Request URI = /cookingbook/users/999999
       Parameters = {}
          Headers = [Accept:"application/json"]
             Body = null
    Session Attrs = {}

Handler:
             Type = restserver.CookingBookController
           Method = restserver.CookingBookController#getUserById(int)

Async:
    Async started = false
     Async result = null

Resolved Exception:
             Type = null

ModelAndView:
        View name = null
             View = null
            Model = null

FlashMap:
       Attributes = null

MockHttpServletResponse:
           Status = 404
    Error message = null
          Headers = []
     Content type = null
             Body = 
    Forwarded URL = null
   Redirected URL = null
          Cookies = []
]]></system-out>
  </testcase>
  <testcase name="testUpdateStudent" classname="restserver.CookingBookControllerTest" time="0.056">
    <system-out><![CDATA[
MockHttpServletRequest:
      HTTP Method = PUT
      Request URI = /cookingbook/users/123456
       Parameters = {}
          Headers = [Content-Type:"application/json;charset=UTF-8", Content-Length:"207"]
             Body = {"name":"Test Testesen","ID":123456,"password":"Passord","cookingbook":{"recipes":[{"name":"Recipe 1","tutorial":"","type":"","ingredients":[]},{"name":"Recipe 2","tutorial":"","type":"","ingredients":[]}]}}
    Session Attrs = {}

Handler:
             Type = restserver.CookingBookController
           Method = restserver.CookingBookController#updateStudent(int, Student)

Async:
    Async started = false
     Async result = null

Resolved Exception:
             Type = null

ModelAndView:
        View name = null
             View = null
            Model = null

FlashMap:
       Attributes = null

MockHttpServletResponse:
           Status = 200
    Error message = null
          Headers = []
     Content type = null
             Body = 
    Forwarded URL = null
   Redirected URL = null
          Cookies = []
]]></system-out>
  </testcase>
  <testcase name="testGetAllUsers" classname="restserver.CookingBookControllerTest" time="0.009"/>
  <testcase name="testGetUserById_shouldBe_Success" classname="restserver.CookingBookControllerTest" time="0.035">
    <system-out><![CDATA[
MockHttpServletRequest:
      HTTP Method = GET
      Request URI = /cookingbook/users/123456
       Parameters = {}
          Headers = [Accept:"application/json"]
             Body = null
    Session Attrs = {}

Handler:
             Type = restserver.CookingBookController
           Method = restserver.CookingBookController#getUserById(int)

Async:
    Async started = false
     Async result = null

Resolved Exception:
             Type = null

ModelAndView:
        View name = null
             View = null
            Model = null

FlashMap:
       Attributes = null

MockHttpServletResponse:
           Status = 200
    Error message = null
          Headers = [Content-Type:"application/json"]
     Content type = application/json
             Body = {
  "name" : "Test Testesen",
  "ID" : 123456,
  "password" : "Passord",
  "cookingbook" : {
    "recipes" : [ ]
  }
}
    Forwarded URL = null
   Redirected URL = null
          Cookies = []
]]></system-out>
  </testcase>
  <testcase name="testGetAccounts" classname="restserver.CookingBookControllerTest" time="0.005"/>
  <testcase name="testAddStudent" classname="restserver.CookingBookControllerTest" time="0.006">
    <system-out><![CDATA[
MockHttpServletRequest:
      HTTP Method = POST
      Request URI = /cookingbook/users
       Parameters = {}
          Headers = [Content-Type:"application/json;charset=UTF-8", Content-Length:"86"]
             Body = {"name":"Test Testesen","ID":123456,"password":"Passord","cookingbook":{"recipes":[]}}
    Session Attrs = {}

Handler:
             Type = restserver.CookingBookController
           Method = restserver.CookingBookController#addNewStudent(Student)

Async:
    Async started = false
     Async result = null

Resolved Exception:
             Type = null

ModelAndView:
        View name = null
             View = null
            Model = null

FlashMap:
       Attributes = null

MockHttpServletResponse:
           Status = 200
    Error message = null
          Headers = []
     Content type = null
             Body = 
    Forwarded URL = null
   Redirected URL = null
          Cookies = []
]]></system-out>
  </testcase>
</testsuite>