<?xml version="1.0" encoding="UTF-8"?>
<testsuite xmlns:xsi="http://www.w3.org/2001/XMLSchema-instance" xsi:noNamespaceSchemaLocation="https://maven.apache.org/surefire/maven-surefire-plugin/xsd/surefire-test-report.xsd" version="3.0.2" name="restserver.CookingBookServiceTest" time="0.041" tests="6" errors="0" skipped="0" failures="0">
  <properties>
[...]
</properties>
  <testcase name="testUpdateStudent" classname="restserver.CookingBookServiceTest" time="0.027"/>
  <testcase name="testAccounts" classname="restserver.CookingBookServiceTest" time="0.002"/>
  <testcase name="testGetAllUsers" classname="restserver.CookingBookServiceTest" time="0.001"/>
  <testcase name="testGetStudentById" classname="restserver.CookingBookServiceTest" time="0.002"/>
  <testcase name="testAddNewStudent" classname="restserver.CookingBookServiceTest" time="0.002"/>
  <testcase name="testSaveUsers" classname="restserver.CookingBookServiceTest" time="0.002"/>
</testsuite>